# JRE version: Java(TM) SE Runtime Environment (8.0_25-b18) (build 1.8.0_25-b18)
# Java VM: Java HotSpot(TM) 64-Bit Server VM (25.25-b02 mixed mode windows-amd64 compressed oops)
Heap:
 PSYoungGen      total 51712K, used 25780K [0x00000007bc400000, 0x00000007c0000000, 0x00000007c0000000)
  eden space 41472K, 52% used [0x00000007bc400000,0x00000007bd959428,0x00000007bec80000)
  from space 10240K, 38% used [0x00000007bf600000,0x00000007bf9d3ca0,0x00000007c0000000)
  to   space 9728K, 0% used [0x00000007bec80000,0x00000007bec80000,0x00000007bf600000)
 ParOldGen       total 80896K, used 69771K [0x0000000700000000, 0x0000000704f00000, 0x00000007bc400000)
  object space 80896K, 86% used [0x0000000700000000,0x0000000704422d20,0x0000000704f00000)
 Metaspace       used 54545K, capacity 54861K, committed 55424K, reserved 1097728K
  class space    used 7694K, capacity 7765K, committed 7808K, reserved 1048576K
GC Heap History (10 events):
Event: 1561.288 GC heap before
{Heap before GC invocations=65 (full 5):
 PSYoungGen      total 48640K, used 35840K [0x00000007bc400000, 0x00000007c0000000, 0x00000007c0000000)
  eden space 35840K, 100% used [0x00000007bc400000,0x00000007be700000,0x00000007be700000)
  from space 12800K, 0% used [0x00000007be700000,0x00000007be700000,0x00000007bf380000)
  to   space 12800K, 0% used [0x00000007bf380000,0x00000007bf380000,0x00000007c0000000)
 ParOldGen       total 80896K, used 69763K [0x0000000700000000, 0x0000000704f00000, 0x00000007bc400000)
  object space 80896K, 86% used [0x0000000700000000,0x0000000704420d20,0x0000000704f00000)
 Metaspace       used 54206K, capacity 54477K, committed 54912K, reserved 1095680K
  class space    used 7681K, capacity 7765K, committed 7808K, reserved 1048576K
Event: 1561.297 GC heap after
Heap after GC invocations=65 (full 5):
 PSYoungGen      total 49664K, used 2425K [0x00000007bc400000, 0x00000007c0000000, 0x00000007c0000000)
  eden space 36864K, 0% used [0x00000007bc400000,0x00000007bc400000,0x00000007be800000)
  from space 12800K, 18% used [0x00000007bf380000,0x00000007bf5de758,0x00000007c0000000)
  to   space 11776K, 0% used [0x00000007be800000,0x00000007be800000,0x00000007bf380000)
 ParOldGen       total 80896K, used 69771K [0x0000000700000000, 0x0000000704f00000, 0x00000007bc400000)
  object space 80896K, 86% used [0x0000000700000000,0x0000000704422d20,0x0000000704f00000)
 Metaspace       used 54206K, capacity 54477K, committed 54912K, reserved 1095680K
  class space    used 7681K, capacity 7765K, committed 7808K, reserved 1048576K
}
Event: 1804.641 GC heap before
{Heap before GC invocations=66 (full 5):
 PSYoungGen      total 49664K, used 39289K [0x00000007bc400000, 0x00000007c0000000, 0x00000007c0000000)
  eden space 36864K, 100% used [0x00000007bc400000,0x00000007be800000,0x00000007be800000)
  from space 12800K, 18% used [0x00000007bf380000,0x00000007bf5de758,0x00000007c0000000)
  to   space 11776K, 0% used [0x00000007be800000,0x00000007be800000,0x00000007bf380000)
 ParOldGen       total 80896K, used 69771K [0x0000000700000000, 0x0000000704f00000, 0x00000007bc400000)
  object space 80896K, 86% used [0x0000000700000000,0x0000000704422d20,0x0000000704f00000)
 Metaspace       used 54299K, capacity 54605K, committed 55168K, reserved 1097728K
  class space    used 7684K, capacity 7765K, committed 7808K, reserved 1048576K
Event: 1804.651 GC heap after
Heap after GC invocations=66 (full 5):
 PSYoungGen      total 48640K, used 3119K [0x00000007bc400000, 0x00000007c0000000, 0x00000007c0000000)
  eden space 36864K, 0% used [0x00000007bc400000,0x00000007bc400000,0x00000007be800000)
  from space 11776K, 26% used [0x00000007be800000,0x00000007beb0bca0,0x00000007bf380000)
  to   space 11264K, 0% used [0x00000007bf500000,0x00000007bf500000,0x00000007c0000000)
 ParOldGen       total 80896K, used 69771K [0x0000000700000000, 0x0000000704f00000, 0x00000007bc400000)
  object space 80896K, 86% used [0x0000000700000000,0x0000000704422d20,0x0000000704f00000)
 Metaspace       used 54299K, capacity 54605K, committed 55168K, reserved 1097728K
  class space    used 7684K, capacity 7765K, committed 7808K, reserved 1048576K
}
Event: 2173.492 GC heap before
{Heap before GC invocations=67 (full 5):
 PSYoungGen      total 48640K, used 39983K [0x00000007bc400000, 0x00000007c0000000, 0x00000007c0000000)
  eden space 36864K, 100% used [0x00000007bc400000,0x00000007be800000,0x00000007be800000)
  from space 11776K, 26% used [0x00000007be800000,0x00000007beb0bca0,0x00000007bf380000)
  to   space 11264K, 0% used [0x00000007bf500000,0x00000007bf500000,0x00000007c0000000)
 ParOldGen       total 80896K, used 69771K [0x0000000700000000, 0x0000000704f00000, 0x00000007bc400000)
  object space 80896K, 86% used [0x0000000700000000,0x0000000704422d20,0x0000000704f00000)
 Metaspace       used 54498K, capacity 54797K, committed 55424K, reserved 1097728K
  class space    used 7690K, capacity 7765K, committed 7808K, reserved 1048576K
Event: 2173.510 GC heap after
Heap after GC invocations=67 (full 5):
 PSYoungGen      total 50688K, used 3631K [0x00000007bc400000, 0x00000007c0000000, 0x00000007c0000000)
  eden space 39424K, 0% used [0x00000007bc400000,0x00000007bc400000,0x00000007bea80000)
  from space 11264K, 32% used [0x00000007bf500000,0x00000007bf88bca0,0x00000007c0000000)
  to   space 10752K, 0% used [0x00000007bea80000,0x00000007bea80000,0x00000007bf500000)
 ParOldGen       total 80896K, used 69771K [0x0000000700000000, 0x0000000704f00000, 0x00000007bc400000)
  object space 80896K, 86% used [0x0000000700000000,0x0000000704422d20,0x0000000704f00000)
 Metaspace       used 54498K, capacity 54797K, committed 55424K, reserved 1097728K
  class space    used 7690K, capacity 7765K, committed 7808K, reserved 1048576K
}
Event: 2603.970 GC heap before
{Heap before GC invocations=68 (full 5):
 PSYoungGen      total 50688K, used 43055K [0x00000007bc400000, 0x00000007c0000000, 0x00000007c0000000)
  eden space 39424K, 100% used [0x00000007bc400000,0x00000007bea80000,0x00000007bea80000)
  from space 11264K, 32% used [0x00000007bf500000,0x00000007bf88bca0,0x00000007c0000000)
  to   space 10752K, 0% used [0x00000007bea80000,0x00000007bea80000,0x00000007bf500000)
 ParOldGen       total 80896K, used 69771K [0x0000000700000000, 0x0000000704f00000, 0x00000007bc400000)
  object space 80896K, 86% used [0x0000000700000000,0x0000000704422d20,0x0000000704f00000)
 Metaspace       used 54516K, capacity 54797K, committed 55424K, reserved 1097728K
  class space    used 7690K, capacity 7765K, committed 7808K, reserved 1048576K
Event: 2603.991 GC heap after
Heap after GC invocations=68 (full 5):
 PSYoungGen      total 50176K, used 3855K [0x00000007bc400000, 0x00000007c0000000, 0x00000007c0000000)
  eden space 39424K, 0% used [0x00000007bc400000,0x00000007bc400000,0x00000007bea80000)
  from space 10752K, 35% used [0x00000007bea80000,0x00000007bee43ca0,0x00000007bf500000)
  to   space 10240K, 0% used [0x00000007bf600000,0x00000007bf600000,0x00000007c0000000)
 ParOldGen       total 80896K, used 69771K [0x0000000700000000, 0x0000000704f00000, 0x00000007bc400000)
  object space 80896K, 86% used [0x0000000700000000,0x0000000704422d20,0x0000000704f00000)
 Metaspace       used 54516K, capacity 54797K, committed 55424K, reserved 1097728K
  class space    used 7690K, capacity 7765K, committed 7808K, reserved 1048576K
}
Event: 3043.759 GC heap before
{Heap before GC invocations=69 (full 5):
 PSYoungGen      total 50176K, used 43279K [0x00000007bc400000, 0x00000007c0000000, 0x00000007c0000000)
  eden space 39424K, 100% used [0x00000007bc400000,0x00000007bea80000,0x00000007bea80000)
  from space 10752K, 35% used [0x00000007bea80000,0x00000007bee43ca0,0x00000007bf500000)
  to   space 10240K, 0% used [0x00000007bf600000,0x00000007bf600000,0x00000007c0000000)
 ParOldGen       total 80896K, used 69771K [0x0000000700000000, 0x0000000704f00000, 0x00000007bc400000)
  object space 80896K, 86% used [0x0000000700000000,0x0000000704422d20,0x0000000704f00000)
 Metaspace       used 54516K, capacity 54797K, committed 55424K, reserved 1097728K
  class space    used 7690K, capacity 7765K, committed 7808K, reserved 1048576K
Event: 3043.780 GC heap after
Heap after GC invocations=69 (full 5):
 PSYoungGen      total 51712K, used 3919K [0x00000007bc400000, 0x00000007c0000000, 0x00000007c0000000)
  eden space 41472K, 0% used [0x00000007bc400000,0x00000007bc400000,0x00000007bec80000)
  from space 10240K, 38% used [0x00000007bf600000,0x00000007bf9d3ca0,0x00000007c0000000)
  to   space 9728K, 0% used [0x00000007bec80000,0x00000007bec80000,0x00000007bf600000)
 ParOldGen       total 80896K, used 69771K [0x0000000700000000, 0x0000000704f00000, 0x00000007bc400000)
  object space 80896K, 86% used [0x0000000700000000,0x0000000704422d20,0x0000000704f00000)
 Metaspace       used 54516K, capacity 54797K, committed 55424K, reserved 1097728K
  class space    used 7690K, capacity 7765K, committed 7808K, reserved 1048576K
}

