# JRE version: Java(TM) SE Runtime Environment (8.0_25-b18) (build 1.8.0_25-b18)
# Java VM: Java HotSpot(TM) 64-Bit Server VM (25.25-b02 mixed mode windows-amd64 compressed oops)
Heap:
 PSYoungGen      total 40960K, used 20480K [0x00000007bc400000, 0x00000007c0000000, 0x00000007c0000000)
  eden space 20480K, 100% used [0x00000007bc400000,0x00000007bd800000,0x00000007bd800000)
  from space 20480K, 0% used [0x00000007bd800000,0x00000007bd800000,0x00000007bec00000)
  to   space 20480K, 32% used [0x00000007bec00000,0x00000007bf267bf0,0x00000007c0000000)
 ParOldGen       total 79360K, used 47106K [0x0000000700000000, 0x0000000704d80000, 0x00000007bc400000)
  object space 79360K, 59% used [0x0000000700000000,0x0000000702e00a00,0x0000000704d80000)
 Metaspace       used 51707K, capacity 51983K, committed 52480K, reserved 1093632K
  class space    used 7334K, capacity 7408K, committed 7424K, reserved 1048576K
GC Heap History (10 events):
Event: 1054.296 GC heap after
Heap after GC invocations=35 (full 3):
 PSYoungGen      total 39936K, used 15140K [0x00000007bc400000, 0x00000007c0000000, 0x00000007c0000000)
  eden space 20480K, 0% used [0x00000007bc400000,0x00000007bc400000,0x00000007bd800000)
  from space 19456K, 77% used [0x00000007bed00000,0x00000007bfbc9130,0x00000007c0000000)
  to   space 20480K, 0% used [0x00000007bd800000,0x00000007bd800000,0x00000007bec00000)
 ParOldGen       total 79360K, used 37507K [0x0000000700000000, 0x0000000704d80000, 0x00000007bc400000)
  object space 79360K, 47% used [0x0000000700000000,0x00000007024a0f80,0x0000000704d80000)
 Metaspace       used 51647K, capacity 51995K, committed 52480K, reserved 1093632K
  class space    used 7335K, capacity 7410K, committed 7424K, reserved 1048576K
}
Event: 1289.078 GC heap before
{Heap before GC invocations=36 (full 3):
 PSYoungGen      total 39936K, used 35620K [0x00000007bc400000, 0x00000007c0000000, 0x00000007c0000000)
  eden space 20480K, 100% used [0x00000007bc400000,0x00000007bd800000,0x00000007bd800000)
  from space 19456K, 77% used [0x00000007bed00000,0x00000007bfbc9130,0x00000007c0000000)
  to   space 20480K, 0% used [0x00000007bd800000,0x00000007bd800000,0x00000007bec00000)
 ParOldGen       total 79360K, used 37507K [0x0000000700000000, 0x0000000704d80000, 0x00000007bc400000)
  object space 79360K, 47% used [0x0000000700000000,0x00000007024a0f80,0x0000000704d80000)
 Metaspace       used 51674K, capacity 51995K, committed 52480K, reserved 1093632K
  class space    used 7335K, capacity 7410K, committed 7424K, reserved 1048576K
Event: 1289.103 GC heap after
Heap after GC invocations=36 (full 3):
 PSYoungGen      total 40960K, used 14791K [0x00000007bc400000, 0x00000007c0000000, 0x00000007c0000000)
  eden space 20480K, 0% used [0x00000007bc400000,0x00000007bc400000,0x00000007bd800000)
  from space 20480K, 72% used [0x00000007bd800000,0x00000007be671d10,0x00000007bec00000)
  to   space 20480K, 0% used [0x00000007bec00000,0x00000007bec00000,0x00000007c0000000)
 ParOldGen       total 79360K, used 37515K [0x0000000700000000, 0x0000000704d80000, 0x00000007bc400000)
  object space 79360K, 47% used [0x0000000700000000,0x00000007024a2f80,0x0000000704d80000)
 Metaspace       used 51674K, capacity 51995K, committed 52480K, reserved 1093632K
  class space    used 7335K, capacity 7410K, committed 7424K, reserved 1048576K
}
Event: 1526.321 GC heap before
{Heap before GC invocations=37 (full 3):
 PSYoungGen      total 40960K, used 35271K [0x00000007bc400000, 0x00000007c0000000, 0x00000007c0000000)
  eden space 20480K, 100% used [0x00000007bc400000,0x00000007bd800000,0x00000007bd800000)
  from space 20480K, 72% used [0x00000007bd800000,0x00000007be671d10,0x00000007bec00000)
  to   space 20480K, 0% used [0x00000007bec00000,0x00000007bec00000,0x00000007c0000000)
 ParOldGen       total 79360K, used 37515K [0x0000000700000000, 0x0000000704d80000, 0x00000007bc400000)
  object space 79360K, 47% used [0x0000000700000000,0x00000007024a2f80,0x0000000704d80000)
 Metaspace       used 51687K, capacity 51995K, committed 52480K, reserved 1093632K
  class space    used 7335K, capacity 7410K, committed 7424K, reserved 1048576K
Event: 1526.344 GC heap after
Heap after GC invocations=37 (full 3):
 PSYoungGen      total 40960K, used 13527K [0x00000007bc400000, 0x00000007c0000000, 0x00000007c0000000)
  eden space 20480K, 0% used [0x00000007bc400000,0x00000007bc400000,0x00000007bd800000)
  from space 20480K, 66% used [0x00000007bec00000,0x00000007bf935ec0,0x00000007c0000000)
  to   space 20480K, 0% used [0x00000007bd800000,0x00000007bd800000,0x00000007bec00000)
 ParOldGen       total 79360K, used 38875K [0x0000000700000000, 0x0000000704d80000, 0x00000007bc400000)
  object space 79360K, 48% used [0x0000000700000000,0x00000007025f6f80,0x0000000704d80000)
 Metaspace       used 51687K, capacity 51995K, committed 52480K, reserved 1093632K
  class space    used 7335K, capacity 7410K, committed 7424K, reserved 1048576K
}
Event: 8037.665 GC heap before
{Heap before GC invocations=38 (full 3):
 PSYoungGen      total 40960K, used 18715K [0x00000007bc400000, 0x00000007c0000000, 0x00000007c0000000)
  eden space 20480K, 25% used [0x00000007bc400000,0x00000007bc9110b0,0x00000007bd800000)
  from space 20480K, 66% used [0x00000007bec00000,0x00000007bf935ec0,0x00000007c0000000)
  to   space 20480K, 0% used [0x00000007bd800000,0x00000007bd800000,0x00000007bec00000)
 ParOldGen       total 79360K, used 38875K [0x0000000700000000, 0x0000000704d80000, 0x00000007bc400000)
  object space 79360K, 48% used [0x0000000700000000,0x00000007025f6f80,0x0000000704d80000)
 Metaspace       used 51687K, capacity 51995K, committed 52480K, reserved 1093632K
  class space    used 7335K, capacity 7410K, committed 7424K, reserved 1048576K
Event: 8037.684 GC heap after
Heap after GC invocations=38 (full 3):
 PSYoungGen      total 40960K, used 8819K [0x00000007bc400000, 0x00000007c0000000, 0x00000007c0000000)
  eden space 20480K, 0% used [0x00000007bc400000,0x00000007bc400000,0x00000007bd800000)
  from space 20480K, 43% used [0x00000007bd800000,0x00000007be09cf80,0x00000007bec00000)
  to   space 20480K, 0% used [0x00000007bec00000,0x00000007bec00000,0x00000007c0000000)
 ParOldGen       total 79360K, used 42563K [0x0000000700000000, 0x0000000704d80000, 0x00000007bc400000)
  object space 79360K, 53% used [0x0000000700000000,0x0000000702990f80,0x0000000704d80000)
 Metaspace       used 51687K, capacity 51995K, committed 52480K, reserved 1093632K
  class space    used 7335K, capacity 7410K, committed 7424K, reserved 1048576K
}
Event: 8037.684 GC heap before
{Heap before GC invocations=39 (full 4):
 PSYoungGen      total 40960K, used 8819K [0x00000007bc400000, 0x00000007c0000000, 0x00000007c0000000)
  eden space 20480K, 0% used [0x00000007bc400000,0x00000007bc400000,0x00000007bd800000)
  from space 20480K, 43% used [0x00000007bd800000,0x00000007be09cf80,0x00000007bec00000)
  to   space 20480K, 0% used [0x00000007bec00000,0x00000007bec00000,0x00000007c0000000)
 ParOldGen       total 79360K, used 42563K [0x0000000700000000, 0x0000000704d80000, 0x00000007bc400000)
  object space 79360K, 53% used [0x0000000700000000,0x0000000702990f80,0x0000000704d80000)
 Metaspace       used 51687K, capacity 51995K, committed 52480K, reserved 1093632K
  class space    used 7335K, capacity 7410K, committed 7424K, reserved 1048576K
Event: 8038.137 GC heap after
Heap after GC invocations=39 (full 4):
 PSYoungGen      total 40960K, used 0K [0x00000007bc400000, 0x00000007c0000000, 0x00000007c0000000)
  eden space 20480K, 0% used [0x00000007bc400000,0x00000007bc400000,0x00000007bd800000)
  from space 20480K, 0% used [0x00000007bd800000,0x00000007bd800000,0x00000007bec00000)
  to   space 20480K, 0% used [0x00000007bec00000,0x00000007bec00000,0x00000007c0000000)
 ParOldGen       total 79360K, used 47098K [0x0000000700000000, 0x0000000704d80000, 0x00000007bc400000)
  object space 79360K, 59% used [0x0000000700000000,0x0000000702dfea00,0x0000000704d80000)
 Metaspace       used 51682K, capacity 51983K, committed 52480K, reserved 1093632K
  class space    used 7334K, capacity 7408K, committed 7424K, reserved 1048576K
}
Event: 8055.741 GC heap before
{Heap before GC invocations=40 (full 4):
 PSYoungGen      total 40960K, used 20480K [0x00000007bc400000, 0x00000007c0000000, 0x00000007c0000000)
  eden space 20480K, 100% used [0x00000007bc400000,0x00000007bd800000,0x00000007bd800000)
  from space 20480K, 0% used [0x00000007bd800000,0x00000007bd800000,0x00000007bec00000)
  to   space 20480K, 0% used [0x00000007bec00000,0x00000007bec00000,0x00000007c0000000)
 ParOldGen       total 79360K, used 47098K [0x0000000700000000, 0x0000000704d80000, 0x00000007bc400000)
  object space 79360K, 59% used [0x0000000700000000,0x0000000702dfea00,0x0000000704d80000)
 Metaspace       used 51707K, capacity 51983K, committed 52480K, reserved 1093632K
  class space    used 7334K, capacity 7408K, committed 7424K, reserved 1048576K

